<?xml version="1.0" encoding="UTF-8"?>
<testng-results ignored="0" total="1" passed="1" failed="0" skipped="0">
  <reporter-output>
  </reporter-output>
  <suite started-at="2024-09-10T22:11:08 IST" name="Default suite" finished-at="2024-09-10T22:12:15 IST" duration-ms="66870">
    <groups>
    </groups>
    <test started-at="2024-09-10T22:11:08 IST" name="Default test" finished-at="2024-09-10T22:12:15 IST" duration-ms="66870">
      <class name="Test.Test_Down">
        <test-method is-config="true" signature="setup()[pri:0, instance:Test.Test_Down@2794eab6]" started-at="2024-09-10T22:11:08 IST" name="setup" finished-at="2024-09-10T22:11:16 IST" duration-ms="7637" status="PASS">
          <reporter-output>
          </reporter-output>
        </test-method> <!-- setup -->
        <test-method is-config="true" signature="url()[pri:0, instance:Test.Test_Down@2794eab6]" started-at="2024-09-10T22:11:16 IST" name="url" finished-at="2024-09-10T22:11:21 IST" duration-ms="5336" status="PASS">
          <reporter-output>
          </reporter-output>
        </test-method> <!-- url -->
        <test-method signature="test()[pri:0, instance:Test.Test_Down@2794eab6]" started-at="2024-09-10T22:11:21 IST" name="test" finished-at="2024-09-10T22:12:15 IST" duration-ms="53682" status="PASS">
          <reporter-output>
          </reporter-output>
        </test-method> <!-- test -->
      </class> <!-- Test.Test_Down -->
    </test> <!-- Default test -->
  </suite> <!-- Default suite -->
</testng-results>
